<?xml version="1.0" encoding="UTF-8"?>
<testsuite xmlns:xsi="http://www.w3.org/2001/XMLSchema-instance" xsi:noNamespaceSchemaLocation="https://maven.apache.org/surefire/maven-surefire-plugin/xsd/surefire-test-report.xsd" name="com.finastra.vaoo.web.controller.UserControllerTest" time="4.476" tests="2" errors="0" skipped="0" failures="1">
  <properties>
[...]
</properties>
  <testcase name="testUserIsMissing" classname="com.finastra.vaoo.web.controller.UserControllerTest" time="0.008"/>
  <testcase name="testUserExists" classname="com.finastra.vaoo.web.controller.UserControllerTest" time="1.584">
    <failure message="Response content expected:&lt;tom&gt; but was:&lt;{&quot;id&quot;:&quot;467e4ffc-4edf-46d9-9f3d-dc519b3ffba0&quot;,&quot;firstName&quot;:&quot;tomer&quot;,&quot;lastName&quot;:&quot;ab&quot;,&quot;phone&quot;:&quot;1232131&quot;,&quot;email&quot;:&quot;tomerabr@gmail.com&quot;,&quot;city&quot;:&quot;tel aviv&quot;,&quot;country&quot;:&quot;israel&quot;}&gt;" type="java.lang.AssertionError"><![CDATA[java.lang.AssertionError: Response content expected:<tom> but was:<{"id":"467e4ffc-4edf-46d9-9f3d-dc519b3ffba0","firstName":"tomer","lastName":"ab","phone":"1232131","email":"tomerabr@gmail.com","city":"tel aviv","country":"israel"}>
	at com.finastra.vaoo.web.controller.UserControllerTest.testUserExists(UserControllerTest.java:37)
]]></failure>
    <system-out><![CDATA[
MockHttpServletRequest:
      HTTP Method = GET
      Request URI = /user/id/467e4ffc-4edf-46d9-9f3d-dc519b3ffba0
       Parameters = {}
          Headers = []
             Body = null
    Session Attrs = {}

Handler:
             Type = com.finastra.vaoo.web.controller.UserController
           Method = com.finastra.vaoo.web.controller.UserController#getUser(UUID)

Async:
    Async started = false
     Async result = null

Resolved Exception:
             Type = null

ModelAndView:
        View name = null
             View = null
            Model = null

FlashMap:
       Attributes = null

MockHttpServletResponse:
           Status = 200
    Error message = null
          Headers = [Content-Type:"application/json"]
     Content type = application/json
             Body = {"id":"467e4ffc-4edf-46d9-9f3d-dc519b3ffba0","firstName":"tomer","lastName":"ab","phone":"1232131","email":"tomerabr@gmail.com","city":"tel aviv","country":"israel"}
    Forwarded URL = null
   Redirected URL = null
          Cookies = []
]]></system-out>
  </testcase>
</testsuite>